<?xml version="1.0" encoding="UTF-8"?>
<!-- Generated by org.testng.reporters.JUnitReportReporter -->
<testsuite hostname="DESKTOP-PT5EUP3" failures="0" tests="1" name="com.practice.Test.First" time="0.008" errors="0" timestamp="2021-12-18T21:49:55 EST" skipped="0">
  <testcase classname="com.practice.Test.First" name="T" time="0.008"/>
  <system-out/>
</testsuite> <!-- com.practice.Test.First -->
